Performing C++ SOURCE FILE Test CMAKE_HAVE_LIBC_PTHREAD failed with the following output:
Change Dir: /home/khanh/mav_ws/src/qt_hmi/build/CMakeFiles/CMakeTmp

Run Build Command(s):/usr/bin/ninja cmTC_940ca && [1/2] Building CXX object CMakeFiles/cmTC_940ca.dir/Debug/src.cxx.o
[2/2] Linking CXX executable Debug/cmTC_940ca
FAILED: Debug/cmTC_940ca 
: && /usr/bin/c++ -g  CMakeFiles/cmTC_940ca.dir/Debug/src.cxx.o -o Debug/cmTC_940ca   && :
/usr/bin/ld: CMakeFiles/cmTC_940ca.dir/Debug/src.cxx.o: in function `main':
/home/khanh/mav_ws/src/qt_hmi/build/CMakeFiles/CMakeTmp/src.cxx:11: undefined reference to `pthread_create'
/usr/bin/ld: /home/khanh/mav_ws/src/qt_hmi/build/CMakeFiles/CMakeTmp/src.cxx:12: undefined reference to `pthread_detach'
/usr/bin/ld: /home/khanh/mav_ws/src/qt_hmi/build/CMakeFiles/CMakeTmp/src.cxx:13: undefined reference to `pthread_cancel'
/usr/bin/ld: /home/khanh/mav_ws/src/qt_hmi/build/CMakeFiles/CMakeTmp/src.cxx:14: undefined reference to `pthread_join'
collect2: error: ld returned 1 exit status
ninja: build stopped: subcommand failed.


Source file was:
#include <pthread.h>

static void* test_func(void* data)
{
  return data;
}

int main(void)
{
  pthread_t thread;
  pthread_create(&thread, NULL, test_func, NULL);
  pthread_detach(thread);
  pthread_cancel(thread);
  pthread_join(thread, NULL);
  pthread_atfork(NULL, NULL, NULL);
  pthread_exit(NULL);

  return 0;
}

Determining if the function pthread_create exists in the pthreads failed with the following output:
Change Dir: /home/khanh/mav_ws/src/qt_hmi/build/CMakeFiles/CMakeTmp

Run Build Command(s):/usr/bin/ninja cmTC_b2a96 && [1/2] Building CXX object CMakeFiles/cmTC_b2a96.dir/Debug/CheckFunctionExists.cxx.o
[2/2] Linking CXX executable Debug/cmTC_b2a96
FAILED: Debug/cmTC_b2a96 
: && /usr/bin/c++ -DCHECK_FUNCTION_EXISTS=pthread_create -g  CMakeFiles/cmTC_b2a96.dir/Debug/CheckFunctionExists.cxx.o -o Debug/cmTC_b2a96  -lpthreads && :
/usr/bin/ld: cannot find -lpthreads
collect2: error: ld returned 1 exit status
ninja: build stopped: subcommand failed.



